<?xml version="1.0" encoding="UTF-8"?>
<!-- Generated by org.testng.reporters.JUnitReportReporter -->
<testsuite hostname="DESKTOP-SAQ53MG" failures="0" tests="1" name="test.Ps1" time="0.005" errors="0" timestamp="2024-11-17T15:41:06 IST" skipped="0">
  <testcase classname="test.Ps1" name="DoThis" time="0.005"/>
</testsuite> <!-- test.Ps1 -->
