<?xml version="1.0" encoding="UTF-8"?>
<!-- Generated by org.testng.reporters.JUnitReportReporter -->
<testsuite hostname="DESKTOP-SAQ53MG" failures="0" tests="1" name="test.Day1" time="0.012" errors="0" timestamp="2024-11-17T15:02:23 IST" skipped="0">
  <testcase classname="test.Day1" name="SecondTest" time="0.012"/>
</testsuite> <!-- test.Day1 -->
