<?xml version="1.0" encoding="UTF-8"?>
<!-- Generated by org.testng.reporters.JUnitReportReporter -->
<testsuite hostname="DESKTOP-SAQ53MG" failures="0" tests="3" name="test.Day4" time="0.009" errors="0" timestamp="2024-11-17T15:02:23 IST" skipped="1">
  <testcase classname="test.Day4" name="loginAPIHomeLoan" time="0.002"/>
  <testcase classname="test.Day4" name="MobileloginHomeLoan" time="0.007"/>
  <testcase classname="test.Day4" name="WebloginHomeLoan">
    <skipped/>
  </testcase> <!-- WebloginHomeLoan -->
</testsuite> <!-- test.Day4 -->
