<?xml version="1.0" encoding="UTF-8"?>
<!-- Generated by org.testng.reporters.JUnitReportReporter -->
<testsuite hostname="DESKTOP-SAQ53MG" failures="0" tests="2" name="test.Day3" time="0.010" errors="0" timestamp="2024-11-17T15:02:23 IST" skipped="0">
  <testcase classname="test.Day3" name="WebloginCarLoan" time="0.002"/>
  <testcase classname="test.Day3" name="APICarLoan" time="0.008"/>
</testsuite> <!-- test.Day3 -->
