<?xml version="1.0" encoding="UTF-8"?>
<!-- Generated by org.testng.reporters.JUnitReportReporter -->
<testsuite hostname="DESKTOP-SAQ53MG" failures="0" tests="2" name="oopsConceptUsedFrame.Ps1" time="0.013" errors="0" timestamp="2024-11-17T18:07:56 IST" skipped="0">
  <testcase classname="oopsConceptUsedFrame.Ps1" name="TestRun" time="0.004"/>
  <testcase classname="oopsConceptUsedFrame.Ps1" name="DoThis" time="0.009"/>
</testsuite> <!-- oopsConceptUsedFrame.Ps1 -->
